<?xml version="1.0" encoding="UTF-8"?>
<testng-results ignored="0" total="1" passed="1" failed="0" skipped="0">
  <reporter-output>
  </reporter-output>
  <suite started-at="2022-07-14T22:39:29 IST" name="Default suite" finished-at="2022-07-14T22:40:01 IST" duration-ms="31853">
    <groups>
    </groups>
    <test started-at="2022-07-14T22:39:29 IST" name="Default test" finished-at="2022-07-14T22:40:01 IST" duration-ms="31853">
      <class name="All_Scripts.TC3">
        <test-method is-config="true" signature="openApp()[pri:0, instance:All_Scripts.TC3@69997e9d]" started-at="2022-07-14T22:39:29 IST" name="openApp" finished-at="2022-07-14T22:39:38 IST" duration-ms="9036" status="PASS">
          <reporter-output>
          </reporter-output>
        </test-method> <!-- openApp -->
        <test-method signature="tc3()[pri:0, instance:All_Scripts.TC3@69997e9d]" started-at="2022-07-14T22:39:38 IST" name="tc3" finished-at="2022-07-14T22:40:01 IST" duration-ms="22719" status="PASS">
          <reporter-output>
          </reporter-output>
        </test-method> <!-- tc3 -->
        <test-method is-config="true" signature="closeApp(org.testng.ITestResult)[pri:0, instance:All_Scripts.TC3@69997e9d]" started-at="2022-07-14T22:40:01 IST" name="closeApp" finished-at="2022-07-14T22:40:01 IST" duration-ms="4" status="PASS">
          <params>
            <param index="0">
              <value>
                <![CDATA[[TestResult name=tc3 status=SUCCESS method=TC3.tc3()[pri:0, instance:All_Scripts.TC3@69997e9d] output={null}]]]>
              </value>
            </param>
          </params>
          <reporter-output>
          </reporter-output>
        </test-method> <!-- closeApp -->
      </class> <!-- All_Scripts.TC3 -->
    </test> <!-- Default test -->
  </suite> <!-- Default suite -->
</testng-results>
